<?xml version="1.0" encoding="UTF-8"?>
<testng-results skipped="0" failed="0" ignored="0" total="1" passed="1">
  <reporter-output>
  </reporter-output>
  <suite name="BDD Test Suite" duration-ms="98614" started-at="2020-12-22T06:57:18Z" finished-at="2020-12-22T06:58:56Z">
    <groups>
      <group name="cucumber">
        <method signature="TestRunner.feature(cucumber.api.testng.CucumberFeatureWrapper)[pri:0, instance:MyRunner.TestRunner@72d818d1]" name="feature" class="MyRunner.TestRunner"/>
      </group> <!-- cucumber -->
    </groups>
    <test name="R-PAC Test" duration-ms="98614" started-at="2020-12-22T06:57:18Z" finished-at="2020-12-22T06:58:56Z">
      <class name="MyRunner.TestRunner">
        <test-method status="PASS" signature="setUpClass()[pri:0, instance:MyRunner.TestRunner@72d818d1]" name="setUpClass" is-config="true" duration-ms="212" started-at="2020-12-22T06:57:18Z" finished-at="2020-12-22T06:57:18Z">
          <reporter-output>
          </reporter-output>
        </test-method> <!-- setUpClass -->
        <test-method status="PASS" signature="feature(cucumber.api.testng.CucumberFeatureWrapper)[pri:0, instance:MyRunner.TestRunner@72d818d1]" name="feature" duration-ms="98235" started-at="2020-12-22T06:57:18Z" description="Runs Cucumber Feature" data-provider="features" finished-at="2020-12-22T06:58:56Z">
          <params>
            <param index="0">
              <value>
                <![CDATA[R-PACMango.com CRM E-Coomerece Feature Main Finish..]]>
              </value>
            </param>
          </params>
          <reporter-output>
          </reporter-output>
        </test-method> <!-- feature -->
        <test-method status="PASS" signature="tearDownClass()[pri:0, instance:MyRunner.TestRunner@72d818d1]" name="tearDownClass" is-config="true" duration-ms="29" started-at="2020-12-22T06:58:56Z" finished-at="2020-12-22T06:58:56Z">
          <reporter-output>
          </reporter-output>
        </test-method> <!-- tearDownClass -->
      </class> <!-- MyRunner.TestRunner -->
    </test> <!-- R-PAC Test -->
  </suite> <!-- BDD Test Suite -->
</testng-results>
