<?xml version="1.0" encoding="UTF-8"?>
<!-- Generated by org.testng.reporters.JUnitXMLReporter -->
<testsuite hostname="rupesh" failures="1" tests="1" name="Add_Client_Test" time="69.677" errors="0" timestamp="1 Jun 2020 08:41:39 GMT">
  <testcase classname="com.dataseers.qa.testcases.AddClient_Test" name="Add_NewClient_Test" time="46.341">
    <failure type="java.lang.AssertionError" message="Adding new client failed">
      <![CDATA[java.lang.AssertionError: Adding new client failed
	at com.dataseers.qa.pages.administration.ClientMgmt.addClientPage(ClientMgmt.java:198)
	at com.dataseers.qa.testcases.AddClient_Test.Add_NewClient_Test(AddClient_Test.java:60)
... Removed 25 stack frames]]>
    </failure>
  </testcase> <!-- Add_NewClient_Test -->
</testsuite> <!-- Add_Client_Test -->
