<?xml version="1.0" encoding="UTF-8"?>
<!-- Generated by org.testng.reporters.JUnitXMLReporter -->
<testsuite hostname="rupesh" failures="1" tests="1" name="Edit_Role_Test" time="28.845" errors="0" timestamp="7 Jul 2020 11:16:51 GMT">
  <testcase classname="com.dataseers.qa.testcases.EditRole_Test" name="edit_Role_Test" time="23.155">
    <failure type="java.lang.AssertionError" message="Edit role scenario failed">
      <![CDATA[java.lang.AssertionError: Edit role scenario failed
	at com.dataseers.qa.pages.administration.RoleMgmt.editRole(RoleMgmt.java:291)
	at com.dataseers.qa.testcases.EditRole_Test.edit_Role_Test(EditRole_Test.java:57)
... Removed 25 stack frames]]>
    </failure>
  </testcase> <!-- edit_Role_Test -->
</testsuite> <!-- Edit_Role_Test -->
