<?xml version="1.0" encoding="UTF-8"?>
<!-- Generated by org.testng.reporters.JUnitXMLReporter -->
<testsuite hostname="rupesh" failures="1" tests="1" name="RealTime Transaction Test" time="40.499" errors="0" timestamp="7 Jul 2020 11:22:41 GMT">
  <testcase classname="com.dataseers.qa.testcases.RealTimeTransaction_Test" name="RalTime_Transaction_Test" time="35.377">
    <failure type="java.lang.AssertionError" message="verify search transaction details response scenario failed">
      <![CDATA[java.lang.AssertionError: verify search transaction details response scenario failed
	at com.dataseers.qa.pages.reports.realtimemesseges.TransactionPage.verifyTransactionResponse(TransactionPage.java:302)
	at com.dataseers.qa.testcases.RealTimeTransaction_Test.RalTime_Transaction_Test(RealTimeTransaction_Test.java:58)
... Removed 25 stack frames]]>
    </failure>
  </testcase> <!-- RalTime_Transaction_Test -->
</testsuite> <!-- RealTime Transaction Test -->
