<?xml version="1.0" encoding="UTF-8"?>
<!-- Generated by org.testng.reporters.JUnitXMLReporter -->
<testsuite hostname="rupesh" failures="1" tests="1" name="RealTime Card Test" time="36.854" errors="0" timestamp="7 Jul 2020 11:22:01 GMT">
  <testcase classname="com.dataseers.qa.testcases.RealTimeCard_Test1" name="RalTime_Transaction_Test" time="31.155">
    <failure type="java.lang.AssertionError" message="verify search card details result scenario failed">
      <![CDATA[java.lang.AssertionError: verify search card details result scenario failed
	at com.dataseers.qa.pages.reports.realtimemesseges.CardPage.verifyCardSearch(CardPage.java:272)
	at com.dataseers.qa.testcases.RealTimeCard_Test1.RalTime_Transaction_Test(RealTimeCard_Test1.java:57)
... Removed 25 stack frames]]>
    </failure>
  </testcase> <!-- RalTime_Transaction_Test -->
</testsuite> <!-- RealTime Card Test -->
