<?xml version="1.0" encoding="UTF-8"?>
<!-- Generated by org.testng.reporters.JUnitXMLReporter -->
<testsuite hostname="rupesh" failures="1" tests="1" name="Register_Test" time="182.398" errors="0" timestamp="10 Sep 2020 06:00:05 GMT">
  <testcase classname="com.dataseers.qa.testcases.Register_Test" name="Registeration_Test" time="122.258">
    <failure type="java.lang.AssertionError" message="null">
      <![CDATA[java.lang.AssertionError: null
	at com.dataseers.qa.pages.RegisterPage.proceedtoportal(RegisterPage.java:112)
	at com.dataseers.qa.testcases.Register_Test.Registeration_Test(Register_Test.java:35)
... Removed 26 stack frames]]>
    </failure>
  </testcase> <!-- Registeration_Test -->
</testsuite> <!-- Register_Test -->
