<?xml version="1.0" encoding="UTF-8"?>
<!-- Generated by org.testng.reporters.JUnitXMLReporter -->
<testsuite hostname="DESKTOP-M0JQEN5" ignored="0" name="HomePage_Test" tests="1" failures="1" timestamp="2021-02-05T16:51:36 IST" time="0.044" errors="0">
  <testcase name="verify_Homepage_Test" time="0.007" classname="com.dataseers.qa.testcases.HomePage_Test">
    <failure type="java.lang.NullPointerException">
      <![CDATA[java.lang.NullPointerException
at com.dataseers.qa.testcases.HomePage_Test.verify_Homepage_Test(HomePage_Test.java:50)
at java.util.ArrayList.forEach(Unknown Source)
... Removed 27 stack frames]]>
    </failure>
  </testcase> <!-- verify_Homepage_Test -->
</testsuite> <!-- HomePage_Test -->
