<?xml version="1.0" encoding="UTF-8"?>
<!-- Generated by org.testng.reporters.JUnitXMLReporter -->
<testsuite hostname="DESKTOP-M0JQEN5" ignored="0" name="R-PAC Test" tests="1" failures="1" timestamp="17 Dec 2020 14:23:15 GMT" time="170.209" errors="0">
  <testcase name="feature" time="169.755" classname="MyRunner.TestRunner">
    <failure type="cucumber.runtime.CucumberException" message="org.openqa.selenium.NoSuchElementException: Unable to locate element: #passwd
For documentation on this error, please visit: http://seleniumhq.org/exceptions/no_such_element.html
Build info: version: &amp;apos;3.11.0&amp;apos;, revision: &amp;apos;e59cfb3&amp;apos;, time: &amp;apos;2018-03-11T20:26:55.152Z&amp;apos;
System info: host: &amp;apos;DESKTOP-M0JQEN5&amp;apos;, ip: &amp;apos;20.0.0.9&amp;apos;, os.name: &amp;apos;Windows 10&amp;apos;, os.arch: &amp;apos;amd64&amp;apos;, os.version: &amp;apos;10.0&amp;apos;, java.version: &amp;apos;1.8.0_271&amp;apos;
Driver info: org.openqa.selenium.firefox.FirefoxDriver
Capabilities {acceptInsecureCerts: true, browserName: firefox, browserVersion: 84.0, javascriptEnabled: true, moz:accessibilityChecks: false, moz:buildID: 20201211215739, moz:geckodriverVersion: 0.28.0, moz:headless: false, moz:processID: 3948, moz:profile: C:\Users\Global IT\AppData\..., moz:shutdownTimeout: 60000, moz:useNonSpecCompliantPointerOrigin: false, moz:webdriverClick: true, pageLoadStrategy: normal, platform: WINDOWS, platformName: WINDOWS, platformVersion: 10.0, rotatable: false, setWindowRect: true, strictFileInteractability: false, timeouts: {implicit: 0, pageLoad: 300000, script: 30000}, unhandledPromptBehavior: dismiss and notify}
Session ID: eb27c978-d6d6-4b9b-9189-71fba8dea975
*** Element info: {Using=id, value=passwd}">
      <![CDATA[cucumber.runtime.CucumberException: org.openqa.selenium.NoSuchElementException: Unable to locate element: #passwd
For documentation on this error, please visit: http://seleniumhq.org/exceptions/no_such_element.html
Build info: version: '3.11.0', revision: 'e59cfb3', time: '2018-03-11T20:26:55.152Z'
System info: host: 'DESKTOP-M0JQEN5', ip: '20.0.0.9', os.name: 'Windows 10', os.arch: 'amd64', os.version: '10.0', java.version: '1.8.0_271'
Driver info: org.openqa.selenium.firefox.FirefoxDriver
Capabilities {acceptInsecureCerts: true, browserName: firefox, browserVersion: 84.0, javascriptEnabled: true, moz:accessibilityChecks: false, moz:buildID: 20201211215739, moz:geckodriverVersion: 0.28.0, moz:headless: false, moz:processID: 3948, moz:profile: C:\Users\Global IT\AppData\..., moz:shutdownTimeout: 60000, moz:useNonSpecCompliantPointerOrigin: false, moz:webdriverClick: true, pageLoadStrategy: normal, platform: WINDOWS, platformName: WINDOWS, platformVersion: 10.0, rotatable: false, setWindowRect: true, strictFileInteractability: false, timeouts: {implicit: 0, pageLoad: 300000, script: 30000}, unhandledPromptBehavior: dismiss and notify}
Session ID: eb27c978-d6d6-4b9b-9189-71fba8dea975
*** Element info: {Using=id, value=passwd}
at cucumber.api.testng.TestNGCucumberRunner.runCucumber(TestNGCucumberRunner.java:69)
at MyRunner.TestRunner.feature(TestRunner.java:57)
at java.util.concurrent.FutureTask.run(Unknown Source)
at java.util.concurrent.ThreadPoolExecutor.runWorker(Unknown Source)
at java.util.concurrent.ThreadPoolExecutor$Worker.run(Unknown Source)
at java.lang.Thread.run(Unknown Source)
Caused by: org.openqa.selenium.NoSuchElementException: Unable to locate element: #passwd
For documentation on this error, please visit: http://seleniumhq.org/exceptions/no_such_element.html
Build info: version: '3.11.0', revision: 'e59cfb3', time: '2018-03-11T20:26:55.152Z'
System info: host: 'DESKTOP-M0JQEN5', ip: '20.0.0.9', os.name: 'Windows 10', os.arch: 'amd64', os.version: '10.0', java.version: '1.8.0_271'
Driver info: org.openqa.selenium.firefox.FirefoxDriver
Capabilities {acceptInsecureCerts: true, browserName: firefox, browserVersion: 84.0, javascriptEnabled: true, moz:accessibilityChecks: false, moz:buildID: 20201211215739, moz:geckodriverVersion: 0.28.0, moz:headless: false, moz:processID: 3948, moz:profile: C:\Users\Global IT\AppData\..., moz:shutdownTimeout: 60000, moz:useNonSpecCompliantPointerOrigin: false, moz:webdriverClick: true, pageLoadStrategy: normal, platform: WINDOWS, platformName: WINDOWS, platformVersion: 10.0, rotatable: false, setWindowRect: true, strictFileInteractability: false, timeouts: {implicit: 0, pageLoad: 300000, script: 30000}, unhandledPromptBehavior: dismiss and notify}
Session ID: eb27c978-d6d6-4b9b-9189-71fba8dea975
*** Element info: {Using=id, value=passwd}
at org.openqa.selenium.remote.http.W3CHttpResponseCodec.createException(W3CHttpResponseCodec.java:187)
at org.openqa.selenium.remote.http.W3CHttpResponseCodec.decode(W3CHttpResponseCodec.java:122)
at org.openqa.selenium.remote.http.W3CHttpResponseCodec.decode(W3CHttpResponseCodec.java:49)
at org.openqa.selenium.remote.HttpCommandExecutor.execute(HttpCommandExecutor.java:158)
at org.openqa.selenium.remote.service.DriverCommandExecutor.execute(DriverCommandExecutor.java:83)
at org.openqa.selenium.remote.RemoteWebDriver.execute(RemoteWebDriver.java:545)
at org.openqa.selenium.remote.RemoteWebDriver.findElement(RemoteWebDriver.java:319)
at org.openqa.selenium.remote.RemoteWebDriver.findElementById(RemoteWebDriver.java:365)
at org.openqa.selenium.By$ById.findElement(By.java:218)
at org.openqa.selenium.remote.RemoteWebDriver.findElement(RemoteWebDriver.java:311)
at pageObjects.LoginUserPassword.usercredentials(LoginUserPassword.java:90)
at stepDefinitions.LoginStepDefinition.getCrentials(LoginStepDefinition.java:562)
at ✽.Then user enters credentials(scenarios2.feature:10)
... Removed 20 stack frames]]>
    </failure>
  </testcase> <!-- feature -->
</testsuite> <!-- R-PAC Test -->
