<?xml version="1.0" encoding="UTF-8"?>
<!-- Generated by org.testng.reporters.JUnitXMLReporter -->
<testsuite hostname="rupesh" failures="1" tests="1" name="HomePage_Test" time="24.424" errors="0" timestamp="22 Apr 2020 07:42:14 GMT">
  <testcase classname="com.dataseers.qa.testcases.HomePage_Test" name="verify_Homepage_Test" time="19.585">
    <failure type="java.lang.AssertionError" message="Lists differ at element [0]: 7203619 != 9570002 expected [7203619] but found [9570002]">
      <![CDATA[java.lang.AssertionError: Lists differ at element [0]: 7203619 != 9570002 expected [7203619] but found [9570002]
	at com.dataseers.qa.pages.HomePage.clusterdb1(HomePage.java:97)
	at com.dataseers.qa.testcases.HomePage_Test.verify_Homepage_Test(HomePage_Test.java:52)
... Removed 29 stack frames]]>
    </failure>
  </testcase> <!-- verify_Homepage_Test -->
</testsuite> <!-- HomePage_Test -->
