<?xml version="1.0" encoding="UTF-8"?>
<!-- Generated by org.testng.reporters.JUnitXMLReporter -->
<testsuite hostname="rupesh" failures="1" tests="1" name="WorkUnit_Test1" time="146.797" errors="0" timestamp="22 Apr 2020 07:49:15 GMT">
  <testcase classname="com.dataseers.qa.testcases.WorkUnit_Test1" name="Add_NewClient_Test" time="140.528">
    <failure type="java.lang.AssertionError" message="null">
      <![CDATA[java.lang.AssertionError: null
	at com.dataseers.qa.pages.LoginPage.login(LoginPage.java:122)
	at com.dataseers.qa.testcases.WorkUnit_Test1.Add_NewClient_Test(WorkUnit_Test1.java:50)
... Removed 26 stack frames]]>
    </failure>
  </testcase> <!-- Add_NewClient_Test -->
</testsuite> <!-- WorkUnit_Test1 -->
