<?xml version="1.0" encoding="UTF-8"?>
<testng-results skipped="0" failed="0" ignored="0" total="2" passed="2">
  <reporter-output>
  </reporter-output>
  <suite name="BDD Test Suite" duration-ms="77499" started-at="2020-12-14T10:09:32Z" finished-at="2020-12-14T10:10:49Z">
    <groups>
      <group name="cucumber">
        <method signature="TestRunner.feature(cucumber.api.testng.CucumberFeatureWrapper)[pri:0, instance:MyRunner.TestRunner@72d818d1]" name="feature" class="MyRunner.TestRunner"/>
        <method signature="TestRunner.feature(cucumber.api.testng.CucumberFeatureWrapper)[pri:0, instance:MyRunner.TestRunner@21213b92]" name="feature" class="MyRunner.TestRunner"/>
      </group> <!-- cucumber -->
    </groups>
    <test name="R-PAC Test1" duration-ms="75535" started-at="2020-12-14T10:09:32Z" finished-at="2020-12-14T10:10:47Z">
      <class name="MyRunner.TestRunner">
        <test-method status="PASS" signature="setUpClass()[pri:0, instance:MyRunner.TestRunner@21213b92]" name="setUpClass" is-config="true" duration-ms="301" started-at="2020-12-14T10:09:32Z" finished-at="2020-12-14T10:09:32Z">
          <reporter-output>
          </reporter-output>
        </test-method> <!-- setUpClass -->
        <test-method status="PASS" signature="feature(cucumber.api.testng.CucumberFeatureWrapper)[pri:0, instance:MyRunner.TestRunner@21213b92]" name="feature" duration-ms="74932" started-at="2020-12-14T10:09:32Z" description="Runs Cucumber Feature" data-provider="features" finished-at="2020-12-14T10:10:47Z">
          <params>
            <param index="0">
              <value>
                <![CDATA[R-PAC Mango CRM E-Coomerece Feature (Scenario2)]]>
              </value>
            </param>
          </params>
          <reporter-output>
          </reporter-output>
        </test-method> <!-- feature -->
        <test-method status="PASS" signature="tearDownClass()[pri:0, instance:MyRunner.TestRunner@21213b92]" name="tearDownClass" is-config="true" duration-ms="104" started-at="2020-12-14T10:10:47Z" finished-at="2020-12-14T10:10:47Z">
          <reporter-output>
          </reporter-output>
        </test-method> <!-- tearDownClass -->
      </class> <!-- MyRunner.TestRunner -->
    </test> <!-- R-PAC Test1 -->
    <test name="R-PAC Test" duration-ms="77499" started-at="2020-12-14T10:09:32Z" finished-at="2020-12-14T10:10:49Z">
      <class name="MyRunner.TestRunner">
        <test-method status="PASS" signature="setUpClass()[pri:0, instance:MyRunner.TestRunner@72d818d1]" name="setUpClass" is-config="true" duration-ms="320" started-at="2020-12-14T10:09:32Z" finished-at="2020-12-14T10:09:32Z">
          <reporter-output>
          </reporter-output>
        </test-method> <!-- setUpClass -->
        <test-method status="PASS" signature="feature(cucumber.api.testng.CucumberFeatureWrapper)[pri:0, instance:MyRunner.TestRunner@72d818d1]" name="feature" duration-ms="76971" started-at="2020-12-14T10:09:32Z" description="Runs Cucumber Feature" data-provider="features" finished-at="2020-12-14T10:10:49Z">
          <params>
            <param index="0">
              <value>
                <![CDATA[R-PAC Mango CRM E-Coomerece Feature (Scenario2)]]>
              </value>
            </param>
          </params>
          <reporter-output>
          </reporter-output>
        </test-method> <!-- feature -->
        <test-method status="PASS" signature="tearDownClass()[pri:0, instance:MyRunner.TestRunner@72d818d1]" name="tearDownClass" is-config="true" duration-ms="37" started-at="2020-12-14T10:10:49Z" finished-at="2020-12-14T10:10:49Z">
          <reporter-output>
          </reporter-output>
        </test-method> <!-- tearDownClass -->
      </class> <!-- MyRunner.TestRunner -->
    </test> <!-- R-PAC Test -->
  </suite> <!-- BDD Test Suite -->
</testng-results>
